
2019-11-05 14:59:01.654 main WARNINGS Connection terminated
2019-11-05 14:59:01.654 main INFO There are duplicate values in system
2019-11-05 14:59:01.655 main SYSTEM System is OK
2019-11-05 15:00:41.938 main WARNINGS Connection terminated
2019-11-05 15:00:41.939 main INFO There are duplicate values in system
2019-11-05 15:00:41.940 main SYSTEM System is OK
2019-11-05 15:29:31.610 main WARNINGS Connection terminated
2019-11-05 15:29:31.610 main INFO There are duplicate values in system
2019-11-05 15:29:31.611 main SYSTEM System is OK
2019-11-05 15:32:45.949 main WARNINGS Connection terminated
2019-11-05 15:32:45.950 main INFO There are duplicate values in system
2019-11-05 15:32:45.952 main SYSTEM System is OK
2019-11-05 15:33:26.781 main WARNINGS Connection terminated
2019-11-05 15:33:26.782 main INFO There are duplicate values in system
2019-11-05 15:33:26.783 main SYSTEM System is OK
2019-11-05 15:33:51.741 main WARNINGS Connection terminated
2019-11-05 15:33:51.742 main INFO There are duplicate values in system
2019-11-05 15:33:51.742 main SYSTEM System is OK
2019-11-05 15:37:23.515 main WARNINGS Connection terminated
2019-11-05 15:37:23.515 main INFO There are duplicate values in system
2019-11-05 15:37:23.516 main SYSTEM System is OK
2019-11-05 17:24:02.113 main WARNINGS Connection terminated
2019-11-05 17:24:02.113 main INFO There are duplicate values in system
2019-11-05 17:24:02.114 main SYSTEM System is OK
2019-11-05 17:24:24.21 main WARNINGS Connection terminated
2019-11-05 17:24:24.21 main INFO There are duplicate values in system
2019-11-05 17:24:24.211 main SYSTEM System is OK
2019-11-05 17:24:28.135 main WARNINGS Connection terminated
2019-11-05 17:24:28.136 main INFO There are duplicate values in system
2019-11-05 17:24:28.137 main SYSTEM System is OK
2019-11-05 17:24:31.095 main WARNINGS Connection terminated
2019-11-05 17:24:31.096 main INFO There are duplicate values in system
2019-11-05 17:24:31.097 main SYSTEM System is OK
2019-11-05 17:26:51 main WARNINGS Connection terminated
2019-11-05 17:26:51 main INFO There are duplicate values in system
2019-11-05 17:26:51 main SYSTEM System is OK
2019-11-05 17:46:14 main WARNINGS Connection terminated
2019-11-05 17:46:14 main INFO There are duplicate values in system
2019-11-05 17:46:14 main SYSTEM System is OK